<?xml version="1.0" encoding="utf-8"?><testsuites name="pytest tests"><testsuite name="pytest" errors="0" failures="0" skipped="0" tests="34" time="16.719" timestamp="2026-03-07T20:17:10.111962+00:00" hostname="agent-env-1817b6bb-474f-4bb9-92f4-18fe0682ba91"><testcase classname="tests.test_billing_batch_webhooks.TestPlansAPI" name="test_get_plans_returns_all_plans" time="0.274" /><testcase classname="tests.test_billing_batch_webhooks.TestPlansAPI" name="test_plans_have_correct_structure" time="0.056" /><testcase classname="tests.test_billing_batch_webhooks.TestPlansAPI" name="test_free_plan_pricing" time="0.052" /><testcase classname="tests.test_billing_batch_webhooks.TestPlansAPI" name="test_starter_plan_pricing" time="0.054" /><testcase classname="tests.test_billing_batch_webhooks.TestPlansAPI" name="test_growth_plan_pricing" time="0.066" /><testcase classname="tests.test_billing_batch_webhooks.TestPlansAPI" name="test_enterprise_plan_custom_pricing" time="0.053" /><testcase classname="tests.test_billing_batch_webhooks.TestSubscriptionAPI" name="test_get_subscription_returns_user_plan" time="0.360" /><testcase classname="tests.test_billing_batch_webhooks.TestSubscriptionAPI" name="test_subscription_usage_structure" time="0.060" /><testcase classname="tests.test_billing_batch_webhooks.TestSubscriptionAPI" name="test_get_subscription_requires_auth" time="0.170" /><testcase classname="tests.test_billing_batch_webhooks.TestSubscriptionAPI" name="test_create_order_for_starter_plan" time="0.069" /><testcase classname="tests.test_billing_batch_webhooks.TestSubscriptionAPI" name="test_create_order_for_growth_plan" time="0.058" /><testcase classname="tests.test_billing_batch_webhooks.TestSubscriptionAPI" name="test_create_order_invalid_plan" time="0.049" /><testcase classname="tests.test_billing_batch_webhooks.TestSubscriptionAPI" name="test_create_order_enterprise_returns_error" time="0.074" /><testcase classname="tests.test_billing_batch_webhooks.TestSubscriptionAPI" name="test_verify_payment_in_test_mode" time="0.173" /><testcase classname="tests.test_billing_batch_webhooks.TestWalletTopUp" name="test_create_wallet_topup_order" time="0.054" /><testcase classname="tests.test_billing_batch_webhooks.TestWalletTopUp" name="test_wallet_topup_minimum_amount" time="0.050" /><testcase classname="tests.test_billing_batch_webhooks.TestWalletTopUp" name="test_wallet_topup_requires_auth" time="0.159" /><testcase classname="tests.test_billing_batch_webhooks.TestBatchExtraction" name="test_batch_extract_multiple_documents" time="6.338" /><testcase classname="tests.test_billing_batch_webhooks.TestBatchExtraction" name="test_batch_extract_max_10_documents" time="0.084" /><testcase classname="tests.test_billing_batch_webhooks.TestBatchExtraction" name="test_batch_extract_empty_list_fails" time="0.064" /><testcase classname="tests.test_billing_batch_webhooks.TestBatchExtraction" name="test_batch_extract_requires_api_key" time="0.162" /><testcase classname="tests.test_billing_batch_webhooks.TestBatchExtraction" name="test_batch_extract_with_webhook_url" time="1.694" /><testcase classname="tests.test_billing_batch_webhooks.TestWebhookConfiguration" name="test_create_webhook" time="0.072" /><testcase classname="tests.test_billing_batch_webhooks.TestWebhookConfiguration" name="test_create_webhook_with_secret" time="0.055" /><testcase classname="tests.test_billing_batch_webhooks.TestWebhookConfiguration" name="test_list_webhooks" time="0.118" /><testcase classname="tests.test_billing_batch_webhooks.TestWebhookConfiguration" name="test_delete_webhook" time="0.160" /><testcase classname="tests.test_billing_batch_webhooks.TestWebhookConfiguration" name="test_delete_nonexistent_webhook" time="0.058" /><testcase classname="tests.test_billing_batch_webhooks.TestWebhookConfiguration" name="test_test_webhook" time="0.258" /><testcase classname="tests.test_billing_batch_webhooks.TestWebhookConfiguration" name="test_test_nonexistent_webhook" time="0.056" /><testcase classname="tests.test_billing_batch_webhooks.TestWebhookConfiguration" name="test_webhooks_require_auth" time="0.166" /><testcase classname="tests.test_billing_batch_webhooks.TestUsageLimitEnforcement" name="test_free_plan_has_100_extraction_limit" time="0.052" /><testcase classname="tests.test_billing_batch_webhooks.TestUsageLimitEnforcement" name="test_subscription_shows_remaining_extractions" time="0.055" /><testcase classname="tests.test_billing_batch_webhooks.TestIntegrationFlow" name="test_full_subscription_upgrade_flow" time="0.496" /><testcase classname="tests.test_billing_batch_webhooks.TestIntegrationFlow" name="test_batch_processing_flow" time="4.799" /></testsuite></testsuites>