<?xml version="1.0" encoding="utf-8"?><testsuites name="pytest tests"><testsuite name="pytest" errors="0" failures="0" skipped="0" tests="20" time="7.504" timestamp="2026-03-07T20:53:51.096779+00:00" hostname="agent-env-218679f8-fc41-4d72-a6fc-db84a5948ebf"><testcase classname="backend.tests.test_auth_features.TestEmailPasswordRegistration" name="test_register_new_user_returns_jwt" time="0.521" /><testcase classname="backend.tests.test_auth_features.TestEmailPasswordRegistration" name="test_duplicate_email_rejected" time="0.468" /><testcase classname="backend.tests.test_auth_features.TestEmailPasswordRegistration" name="test_registration_creates_default_api_key" time="0.475" /><testcase classname="backend.tests.test_auth_features.TestEmailPasswordLogin" name="test_login_success" time="0.717" /><testcase classname="backend.tests.test_auth_features.TestEmailPasswordLogin" name="test_login_wrong_password" time="0.672" /><testcase classname="backend.tests.test_auth_features.TestEmailPasswordLogin" name="test_login_nonexistent_user" time="0.439" /><testcase classname="backend.tests.test_auth_features.TestForgotPassword" name="test_forgot_password_existing_user" time="0.480" /><testcase classname="backend.tests.test_auth_features.TestForgotPassword" name="test_forgot_password_nonexistent_user" time="0.103" /><testcase classname="backend.tests.test_auth_features.TestResetPassword" name="test_reset_password_invalid_token" time="0.149" /><testcase classname="backend.tests.test_auth_features.TestResetPassword" name="test_reset_password_with_valid_token" time="0.105" /><testcase classname="backend.tests.test_auth_features.TestGoogleOAuthSession" name="test_google_session_invalid_session" time="0.308" /><testcase classname="backend.tests.test_auth_features.TestGoogleOAuthSession" name="test_google_session_empty_session" time="0.175" /><testcase classname="backend.tests.test_auth_features.TestGoogleOAuthSession" name="test_google_session_endpoint_exists" time="0.192" /><testcase classname="backend.tests.test_auth_features.TestAPIKeysList" name="test_new_user_has_default_key" time="0.449" /><testcase classname="backend.tests.test_auth_features.TestAPIKeysList" name="test_api_keys_requires_auth" time="0.107" /><testcase classname="backend.tests.test_auth_features.TestAuthMeEndpoint" name="test_auth_me_with_valid_token" time="0.519" /><testcase classname="backend.tests.test_auth_features.TestAuthMeEndpoint" name="test_auth_me_without_token" time="0.106" /><testcase classname="backend.tests.test_auth_features.TestAuthMeEndpoint" name="test_auth_me_invalid_token" time="0.108" /><testcase classname="backend.tests.test_auth_features.TestIntegrationFlows" name="test_full_registration_to_api_key_flow" time="0.549" /><testcase classname="backend.tests.test_auth_features.TestIntegrationFlows" name="test_login_then_access_protected_resource" time="0.774" /></testsuite></testsuites>