<?xml version="1.0" encoding="utf-8"?><testsuites name="pytest tests"><testsuite name="pytest" errors="0" failures="3" skipped="0" tests="21" time="16.502" timestamp="2026-03-07T22:02:10.874644+00:00" hostname="agent-env-218679f8-fc41-4d72-a6fc-db84a5948ebf"><testcase classname="backend.tests.test_30_critical_flows.TestAuthFlows" name="test_01_auth_register" time="0.394" /><testcase classname="backend.tests.test_30_critical_flows.TestAuthFlows" name="test_02_auth_default_api_key" time="0.115" /><testcase classname="backend.tests.test_30_critical_flows.TestAuthFlows" name="test_03_auth_login" time="0.345" /><testcase classname="backend.tests.test_30_critical_flows.TestAuthFlows" name="test_04_auth_logout_verify" time="0.114" /><testcase classname="backend.tests.test_30_critical_flows.TestAuthFlows" name="test_05_auth_forgot_password" time="0.118" /><testcase classname="backend.tests.test_30_critical_flows.TestAuthFlows" name="test_06_auth_reset_password_token_validation" time="0.111" /><testcase classname="backend.tests.test_30_critical_flows.TestOCRFlows" name="test_07_ocr_aadhaar_extraction" time="1.893"><failure message="AssertionError: Aadhaar extraction failed: {&quot;detail&quot;:&quot;OCR processing failed: expected string or bytes-like object, got 'NoneType'&quot;}&#10;assert 400 == 200&#10; +  where 400 = &lt;Response [400]&gt;.status_code">backend/tests/test_30_critical_flows.py:158: in test_07_ocr_aadhaar_extraction
    assert response.status_code == 200, f"Aadhaar extraction failed: {response.text}"
E   AssertionError: Aadhaar extraction failed: {"detail":"OCR processing failed: expected string or bytes-like object, got 'NoneType'"}
E   assert 400 == 200
E    +  where 400 = &lt;Response [400]&gt;.status_code</failure></testcase><testcase classname="backend.tests.test_30_critical_flows.TestOCRFlows" name="test_08_ocr_pan_extraction" time="1.639" /><testcase classname="backend.tests.test_30_critical_flows.TestOCRFlows" name="test_09_ocr_dl_extraction" time="7.187" /><testcase classname="backend.tests.test_30_critical_flows.TestOCRFlows" name="test_10_ocr_batch_extraction" time="2.785" /><testcase classname="backend.tests.test_30_critical_flows.TestOCRFlows" name="test_11_ocr_usage_counter_increments" time="0.354"><failure message="AssertionError: Usage should be at least 3, got 2&#10;assert 2 &gt;= 3">backend/tests/test_30_critical_flows.py:239: in test_11_ocr_usage_counter_increments
    assert usage &gt;= 3, f"Usage should be at least 3, got {usage}"
E   AssertionError: Usage should be at least 3, got 2
E   assert 2 &gt;= 3</failure></testcase><testcase classname="backend.tests.test_30_critical_flows.TestOCRFlows" name="test_12_ocr_credits_badge_updates" time="0.477"><failure message="AssertionError: Remaining should be &lt;= 97 after 3+ extractions, got 98&#10;assert 98 &lt;= 97">backend/tests/test_30_critical_flows.py:256: in test_12_ocr_credits_badge_updates
    assert remaining &lt;= 97, f"Remaining should be &lt;= 97 after 3+ extractions, got {remaining}"
E   AssertionError: Remaining should be &lt;= 97 after 3+ extractions, got 98
E   assert 98 &lt;= 97</failure></testcase><testcase classname="backend.tests.test_30_critical_flows.TestAPIKeyFlows" name="test_13_apikey_create_custom" time="0.107" /><testcase classname="backend.tests.test_30_critical_flows.TestAPIKeyFlows" name="test_14_apikey_copy_works" time="0.000" /><testcase classname="backend.tests.test_30_critical_flows.TestAPIKeyFlows" name="test_15_apikey_revoke" time="0.221" /><testcase classname="backend.tests.test_30_critical_flows.TestAPIKeyFlows" name="test_16_apikey_default_still_exists" time="0.120" /><testcase classname="backend.tests.test_30_critical_flows.TestBillingFlows" name="test_17_billing_upgrade_modal" time="0.107" /><testcase classname="backend.tests.test_30_critical_flows.TestBillingFlows" name="test_18_billing_plans_inr" time="0.101" /><testcase classname="backend.tests.test_30_critical_flows.TestBillingFlows" name="test_19_billing_subscribe_coming_soon" time="0.106" /><testcase classname="backend.tests.test_30_critical_flows.TestBillingFlows" name="test_20_billing_usage_meter" time="0.120" /><testcase classname="backend.tests.test_30_critical_flows.TestNavigationFlows" name="test_21_to_30_frontend_tests" time="0.000" /></testsuite></testsuites>