<?xml version="1.0" encoding="utf-8"?><testsuites name="pytest tests"><testsuite name="pytest" errors="1" failures="0" skipped="0" tests="1" time="0.206" timestamp="2026-03-07T21:19:39.767269+00:00" hostname="agent-env-218679f8-fc41-4d72-a6fc-db84a5948ebf"><testcase classname="" name="test_ocr_api" time="0.000"><error message="collection failure">test_ocr_api.py:24: in &lt;module&gt;
    raise RuntimeError("REACT_APP_BACKEND_URL environment variable is required")
E   RuntimeError: REACT_APP_BACKEND_URL environment variable is required</error></testcase></testsuite></testsuites>