<?xml version="1.0" encoding="utf-8"?><testsuites name="pytest tests"><testsuite name="pytest" errors="0" failures="0" skipped="0" tests="14" time="3.052" timestamp="2026-03-09T18:27:58.431569+00:00" hostname="agent-env-2c6a257c-7762-432c-8497-0bd9142025fc"><testcase classname="backend.tests.test_google_oauth_profile.TestHealthAndBasics" name="test_api_health" time="0.247" /><testcase classname="backend.tests.test_google_oauth_profile.TestHealthAndBasics" name="test_api_root" time="0.119" /><testcase classname="backend.tests.test_google_oauth_profile.TestAuthRegisterAndLogin" name="test_user_registration" time="0.378" /><testcase classname="backend.tests.test_google_oauth_profile.TestAuthRegisterAndLogin" name="test_user_login" time="0.389" /><testcase classname="backend.tests.test_google_oauth_profile.TestAuthRegisterAndLogin" name="test_auth_me_returns_name_field" time="0.112" /><testcase classname="backend.tests.test_google_oauth_profile.TestAuthRegisterAndLogin" name="test_duplicate_registration_fails" time="0.166" /><testcase classname="backend.tests.test_google_oauth_profile.TestProfileCompletionEndpoint" name="test_profile_completion_success" time="0.612" /><testcase classname="backend.tests.test_google_oauth_profile.TestProfileCompletionEndpoint" name="test_profile_completion_persisted" time="0.188" /><testcase classname="backend.tests.test_google_oauth_profile.TestProfileCompletionEndpoint" name="test_profile_completion_empty_company_name_rejected" time="0.131" /><testcase classname="backend.tests.test_google_oauth_profile.TestProfileCompletionEndpoint" name="test_profile_completion_whitespace_only_rejected" time="0.119" /><testcase classname="backend.tests.test_google_oauth_profile.TestProfileCompletionEndpoint" name="test_profile_completion_requires_auth" time="0.117" /><testcase classname="backend.tests.test_google_oauth_profile.TestGoogleAuthEndpoint" name="test_google_auth_redirect_endpoint_exists" time="0.139" /><testcase classname="backend.tests.test_google_oauth_profile.TestForgotPasswordFlow" name="test_forgot_password_success_message" time="0.121" /><testcase classname="backend.tests.test_google_oauth_profile.TestForgotPasswordFlow" name="test_reset_password_invalid_token_rejected" time="0.141" /></testsuite></testsuites>