<?xml version="1.0" encoding="utf-8"?><testsuites name="pytest tests"><testsuite name="pytest" errors="0" failures="0" skipped="0" tests="31" time="27.104" timestamp="2026-02-21T09:30:55.818987+00:00" hostname="agent-env-1817b6bb-474f-4bb9-92f4-18fe0682ba91"><testcase classname="backend.tests.test_ocr_api.TestHealthCheck" name="test_root_endpoint" time="0.233" /><testcase classname="backend.tests.test_ocr_api.TestHealthCheck" name="test_health_endpoint" time="0.051" /><testcase classname="backend.tests.test_ocr_api.TestAuthentication" name="test_register_new_user" time="0.280" /><testcase classname="backend.tests.test_ocr_api.TestAuthentication" name="test_register_duplicate_email_fails" time="0.315" /><testcase classname="backend.tests.test_ocr_api.TestAuthentication" name="test_login_success" time="0.272" /><testcase classname="backend.tests.test_ocr_api.TestAuthentication" name="test_login_invalid_password" time="0.265" /><testcase classname="backend.tests.test_ocr_api.TestAuthentication" name="test_login_nonexistent_user" time="0.049" /><testcase classname="backend.tests.test_ocr_api.TestAuthentication" name="test_get_current_user" time="0.051" /><testcase classname="backend.tests.test_ocr_api.TestAuthentication" name="test_get_user_without_token" time="0.133" /><testcase classname="backend.tests.test_ocr_api.TestAPIKeyManagement" name="test_create_api_key" time="0.050" /><testcase classname="backend.tests.test_ocr_api.TestAPIKeyManagement" name="test_list_api_keys" time="0.103" /><testcase classname="backend.tests.test_ocr_api.TestAPIKeyManagement" name="test_update_api_key" time="0.053" /><testcase classname="backend.tests.test_ocr_api.TestAPIKeyManagement" name="test_revoke_api_key" time="0.112" /><testcase classname="backend.tests.test_ocr_api.TestAPIKeyManagement" name="test_revoke_nonexistent_key" time="0.048" /><testcase classname="backend.tests.test_ocr_api.TestPlaygroundOCR" name="test_playground_extract_pan" time="3.025" /><testcase classname="backend.tests.test_ocr_api.TestPlaygroundOCR" name="test_playground_extract_aadhaar" time="4.880" /><testcase classname="backend.tests.test_ocr_api.TestPlaygroundOCR" name="test_playground_extract_dl" time="2.174" /><testcase classname="backend.tests.test_ocr_api.TestPlaygroundOCR" name="test_playground_extract_auto_detect" time="1.588" /><testcase classname="backend.tests.test_ocr_api.TestPlaygroundOCR" name="test_playground_without_auth_fails" time="0.134" /><testcase classname="backend.tests.test_ocr_api.TestPublicOCRAPI" name="test_v1_extract_with_api_key" time="1.419" /><testcase classname="backend.tests.test_ocr_api.TestPublicOCRAPI" name="test_v1_extract_without_api_key_fails" time="0.120" /><testcase classname="backend.tests.test_ocr_api.TestPublicOCRAPI" name="test_v1_extract_with_invalid_api_key" time="0.056" /><testcase classname="backend.tests.test_ocr_api.TestPublicOCRAPI" name="test_v1_extract_with_revoked_api_key" time="0.260" /><testcase classname="backend.tests.test_ocr_api.TestAnalytics" name="test_get_usage_stats" time="0.048" /><testcase classname="backend.tests.test_ocr_api.TestAnalytics" name="test_get_recent_extractions" time="0.048" /><testcase classname="backend.tests.test_ocr_api.TestAnalytics" name="test_analytics_without_auth_fails" time="0.113" /><testcase classname="backend.tests.test_ocr_api.TestDataPersistence" name="test_api_key_persists" time="0.096" /><testcase classname="backend.tests.test_ocr_api.TestDataPersistence" name="test_ocr_request_persists" time="1.521" /><testcase classname="backend.tests.test_ocr_api.TestEdgeCases" name="test_invalid_base64_image" time="4.104" /><testcase classname="backend.tests.test_ocr_api.TestEdgeCases" name="test_empty_image_base64" time="5.146" /><testcase classname="backend.tests.test_ocr_api.TestEdgeCases" name="test_missing_required_fields" time="0.162" /></testsuite></testsuites>