<?xml version="1.0" encoding="utf-8"?><testsuites name="pytest tests"><testsuite name="pytest" errors="0" failures="0" skipped="0" tests="15" time="7.369" timestamp="2026-03-09T19:40:18.326507+00:00" hostname="agent-env-2c6a257c-7762-432c-8497-0bd9142025fc"><testcase classname="tests.test_onboarding.TestOnboardingEndpoints" name="test_new_user_has_no_onboarding" time="0.485" /><testcase classname="tests.test_onboarding.TestOnboardingEndpoints" name="test_get_onboarding_status_new_user" time="0.536" /><testcase classname="tests.test_onboarding.TestOnboardingEndpoints" name="test_save_onboarding_personal_use" time="0.457" /><testcase classname="tests.test_onboarding.TestOnboardingEndpoints" name="test_save_onboarding_business" time="0.539" /><testcase classname="tests.test_onboarding.TestOnboardingEndpoints" name="test_save_onboarding_builder" time="0.439" /><testcase classname="tests.test_onboarding.TestOnboardingEndpoints" name="test_save_onboarding_agency" time="0.459" /><testcase classname="tests.test_onboarding.TestOnboardingEndpoints" name="test_invalid_user_type" time="0.530" /><testcase classname="tests.test_onboarding.TestOnboardingEndpoints" name="test_missing_user_type" time="0.543" /><testcase classname="tests.test_onboarding.TestOnboardingPersistence" name="test_onboarding_persists_after_save" time="0.556" /><testcase classname="tests.test_onboarding.TestLoginWithOnboarding" name="test_login_returns_onboarding_for_completed_user" time="0.817" /><testcase classname="tests.test_onboarding.TestLoginWithOnboarding" name="test_login_returns_null_onboarding_for_new_user" time="0.725" /><testcase classname="tests.test_onboarding.TestExistingTestUser" name="test_existing_user_with_completed_onboarding" time="0.329" /><testcase classname="tests.test_onboarding.TestAuthMeEndpoint" name="test_auth_me_includes_onboarding" time="0.613" /><testcase classname="tests.test_onboarding.TestOnboardingWithoutAuth" name="test_post_onboarding_requires_auth" time="0.163" /><testcase classname="tests.test_onboarding.TestOnboardingWithoutAuth" name="test_get_onboarding_requires_auth" time="0.102" /></testsuite></testsuites>