<?xml version="1.0" encoding="utf-8"?><testsuites name="pytest tests"><testsuite name="pytest" errors="0" failures="0" skipped="0" tests="11" time="5.893" timestamp="2026-03-09T19:01:12.998997+00:00" hostname="agent-env-2c6a257c-7762-432c-8497-0bd9142025fc"><testcase classname="backend.tests.test_subscription_razorpay.TestSubscriptionEndpoints" name="test_get_plans_endpoint" time="0.588" /><testcase classname="backend.tests.test_subscription_razorpay.TestSubscriptionEndpoints" name="test_get_subscription_status" time="0.460" /><testcase classname="backend.tests.test_subscription_razorpay.TestSubscriptionEndpoints" name="test_create_order_starter_plan" time="0.487" /><testcase classname="backend.tests.test_subscription_razorpay.TestSubscriptionEndpoints" name="test_create_order_growth_plan" time="0.522" /><testcase classname="backend.tests.test_subscription_razorpay.TestSubscriptionEndpoints" name="test_create_order_invalid_plan" time="0.459" /><testcase classname="backend.tests.test_subscription_razorpay.TestSubscriptionEndpoints" name="test_create_order_enterprise_plan" time="0.511" /><testcase classname="backend.tests.test_subscription_razorpay.TestSubscriptionEndpoints" name="test_create_order_free_plan" time="0.495" /><testcase classname="backend.tests.test_subscription_razorpay.TestSubscriptionEndpoints" name="test_create_order_unauthorized" time="0.491" /><testcase classname="backend.tests.test_subscription_razorpay.TestSubscriptionEndpoints" name="test_verify_payment_with_test_signature" time="0.594" /><testcase classname="backend.tests.test_subscription_razorpay.TestSubscriptionEndpoints" name="test_verify_payment_updates_user_plan" time="0.765" /><testcase classname="backend.tests.test_subscription_razorpay.TestSubscriptionEndpoints" name="test_razorpay_key_in_order_response" time="0.459" /></testsuite></testsuites>