<?xml version="1.0" encoding="utf-8"?><testsuites name="pytest tests"><testsuite name="pytest" errors="0" failures="0" skipped="0" tests="21" time="14.040" timestamp="2026-03-07T22:02:50.025681+00:00" hostname="agent-env-218679f8-fc41-4d72-a6fc-db84a5948ebf"><testcase classname="backend.tests.test_30_critical_flows.TestAuthFlows" name="test_01_auth_register" time="0.447" /><testcase classname="backend.tests.test_30_critical_flows.TestAuthFlows" name="test_02_auth_default_api_key" time="0.117" /><testcase classname="backend.tests.test_30_critical_flows.TestAuthFlows" name="test_03_auth_login" time="0.349" /><testcase classname="backend.tests.test_30_critical_flows.TestAuthFlows" name="test_04_auth_logout_verify" time="0.141" /><testcase classname="backend.tests.test_30_critical_flows.TestAuthFlows" name="test_05_auth_forgot_password" time="0.113" /><testcase classname="backend.tests.test_30_critical_flows.TestAuthFlows" name="test_06_auth_reset_password_token_validation" time="0.102" /><testcase classname="backend.tests.test_30_critical_flows.TestOCRFlows" name="test_07_ocr_aadhaar_extraction" time="3.084" /><testcase classname="backend.tests.test_30_critical_flows.TestOCRFlows" name="test_08_ocr_pan_extraction" time="3.001" /><testcase classname="backend.tests.test_30_critical_flows.TestOCRFlows" name="test_09_ocr_dl_extraction" time="1.740" /><testcase classname="backend.tests.test_30_critical_flows.TestOCRFlows" name="test_10_ocr_batch_extraction" time="3.147" /><testcase classname="backend.tests.test_30_critical_flows.TestOCRFlows" name="test_11_ocr_usage_counter_increments" time="0.380" /><testcase classname="backend.tests.test_30_critical_flows.TestOCRFlows" name="test_12_ocr_credits_badge_updates" time="0.376" /><testcase classname="backend.tests.test_30_critical_flows.TestAPIKeyFlows" name="test_13_apikey_create_custom" time="0.136" /><testcase classname="backend.tests.test_30_critical_flows.TestAPIKeyFlows" name="test_14_apikey_copy_works" time="0.000" /><testcase classname="backend.tests.test_30_critical_flows.TestAPIKeyFlows" name="test_15_apikey_revoke" time="0.219" /><testcase classname="backend.tests.test_30_critical_flows.TestAPIKeyFlows" name="test_16_apikey_default_still_exists" time="0.112" /><testcase classname="backend.tests.test_30_critical_flows.TestBillingFlows" name="test_17_billing_upgrade_modal" time="0.133" /><testcase classname="backend.tests.test_30_critical_flows.TestBillingFlows" name="test_18_billing_plans_inr" time="0.113" /><testcase classname="backend.tests.test_30_critical_flows.TestBillingFlows" name="test_19_billing_subscribe_coming_soon" time="0.123" /><testcase classname="backend.tests.test_30_critical_flows.TestBillingFlows" name="test_20_billing_usage_meter" time="0.121" /><testcase classname="backend.tests.test_30_critical_flows.TestNavigationFlows" name="test_21_to_30_frontend_tests" time="0.000" /></testsuite></testsuites>