<?xml version="1.0" encoding="utf-8"?><testsuites name="pytest tests"><testsuite name="pytest" errors="0" failures="0" skipped="0" tests="31" time="23.796" timestamp="2026-02-21T09:37:37.297044+00:00" hostname="agent-env-1817b6bb-474f-4bb9-92f4-18fe0682ba91"><testcase classname="backend.tests.test_ocr_api.TestHealthCheck" name="test_root_endpoint" time="0.125" /><testcase classname="backend.tests.test_ocr_api.TestHealthCheck" name="test_health_endpoint" time="0.045" /><testcase classname="backend.tests.test_ocr_api.TestAuthentication" name="test_register_new_user" time="0.274" /><testcase classname="backend.tests.test_ocr_api.TestAuthentication" name="test_register_duplicate_email_fails" time="0.323" /><testcase classname="backend.tests.test_ocr_api.TestAuthentication" name="test_login_success" time="0.275" /><testcase classname="backend.tests.test_ocr_api.TestAuthentication" name="test_login_invalid_password" time="0.281" /><testcase classname="backend.tests.test_ocr_api.TestAuthentication" name="test_login_nonexistent_user" time="0.053" /><testcase classname="backend.tests.test_ocr_api.TestAuthentication" name="test_get_current_user" time="0.066" /><testcase classname="backend.tests.test_ocr_api.TestAuthentication" name="test_get_user_without_token" time="0.112" /><testcase classname="backend.tests.test_ocr_api.TestAPIKeyManagement" name="test_create_api_key" time="0.053" /><testcase classname="backend.tests.test_ocr_api.TestAPIKeyManagement" name="test_list_api_keys" time="0.095" /><testcase classname="backend.tests.test_ocr_api.TestAPIKeyManagement" name="test_update_api_key" time="0.051" /><testcase classname="backend.tests.test_ocr_api.TestAPIKeyManagement" name="test_revoke_api_key" time="0.091" /><testcase classname="backend.tests.test_ocr_api.TestAPIKeyManagement" name="test_revoke_nonexistent_key" time="0.047" /><testcase classname="backend.tests.test_ocr_api.TestPlaygroundOCR" name="test_playground_extract_pan" time="2.485" /><testcase classname="backend.tests.test_ocr_api.TestPlaygroundOCR" name="test_playground_extract_aadhaar" time="2.166" /><testcase classname="backend.tests.test_ocr_api.TestPlaygroundOCR" name="test_playground_extract_dl" time="1.963" /><testcase classname="backend.tests.test_ocr_api.TestPlaygroundOCR" name="test_playground_extract_auto_detect" time="1.301" /><testcase classname="backend.tests.test_ocr_api.TestPlaygroundOCR" name="test_playground_without_auth_fails" time="0.140" /><testcase classname="backend.tests.test_ocr_api.TestPublicOCRAPI" name="test_v1_extract_with_api_key" time="1.678" /><testcase classname="backend.tests.test_ocr_api.TestPublicOCRAPI" name="test_v1_extract_without_api_key_fails" time="0.121" /><testcase classname="backend.tests.test_ocr_api.TestPublicOCRAPI" name="test_v1_extract_with_invalid_api_key" time="0.054" /><testcase classname="backend.tests.test_ocr_api.TestPublicOCRAPI" name="test_v1_extract_with_revoked_api_key" time="0.217" /><testcase classname="backend.tests.test_ocr_api.TestAnalytics" name="test_get_usage_stats" time="0.048" /><testcase classname="backend.tests.test_ocr_api.TestAnalytics" name="test_get_recent_extractions" time="0.046" /><testcase classname="backend.tests.test_ocr_api.TestAnalytics" name="test_analytics_without_auth_fails" time="0.090" /><testcase classname="backend.tests.test_ocr_api.TestDataPersistence" name="test_api_key_persists" time="0.096" /><testcase classname="backend.tests.test_ocr_api.TestDataPersistence" name="test_ocr_request_persists" time="1.731" /><testcase classname="backend.tests.test_ocr_api.TestEdgeCases" name="test_invalid_base64_image" time="4.683" /><testcase classname="backend.tests.test_ocr_api.TestEdgeCases" name="test_empty_image_base64" time="4.819" /><testcase classname="backend.tests.test_ocr_api.TestEdgeCases" name="test_missing_required_fields" time="0.181" /></testsuite></testsuites>